c[?7l[2J[0mSeaBIOS (version 1.15.0-1)


iPXE (https://ipxe.org) 00:03.0 CA00 PCI2.10 PnP PMM+07F8B4A0+07ECB4A0 CA00
Press Ctrl-B to configure iPXE (PCI 00:03.0)...                                                                               


Booting from Hard Disk..(THU.CST) os is loading ...

Special kernel symbols:
  entry  0xc0100036 (phys)
  etext  0xc01061f0 (phys)
  edata  0xc011c000 (phys)
  end    0xc011cf2c (phys)
Kernel executable memory footprint: 116KB
c0118f38 c01009db 00010094 00010094 c0118f68 c01000c4
    kern/debug/kdebug.c:309: print_stackframe+21
c0118f48 c0100cf6 00000000 00000000 00000000 c0118fb8
    kern/debug/kmonitor.c:129: mon_backtrace+10
c0118f68 c01000c4 00000000 c0118f90 ffff0000 c0118f94
    kern/init/init.c:49: grade_backtrace2+33
c0118f88 c01000f2 00000000 ffff0000 c0118fb4 0000002a
    kern/init/init.c:54: grade_backtrace1+40
c0118fa8 c0100112 00000000 c0100036 ffff0000 0000001d
    kern/init/init.c:59: grade_backtrace0+23
c0118fc8 c010013a c010621c c0106200 00000f2c 00000000
    kern/init/init.c:64: grade_backtrace+34
c0118ff8 c0100087 c0106394 c010639c c0100c7a c01063bb
    kern/init/init.c:29: kern_init+80
memory management: default_pmm_manager
e820map:
  memory: 0009fc00, [00000000, 0009fbff], type = 1.
  memory: 00000400, [0009fc00, 0009ffff], type = 2.
  memory: 00010000, [000f0000, 000fffff], type = 2.
  memory: 07ee0000, [00100000, 07fdffff], type = 1.
  memory: 00020000, [07fe0000, 07ffffff], type = 2.
  memory: 00040000, [fffc0000, ffffffff], type = 2.
check_alloc_page() succeeded!
check_pgdir() succeeded!
check_boot_pgdir() succeeded!
-------------------- BEGIN --------------------
PDE(0e0) c0000000-f8000000 38000000 urw
  |-- PTE(38000) c0000000-f8000000 38000000 -rw
PDE(001) fac00000-fb000000 00400000 -rw
  |-- PTE(000e0) faf00000-fafe0000 000e0000 urw
  |-- PTE(00001) fafeb000-fafec000 00001000 -rw
--------------------- END ---------------------
++ setup timer interrupts
100 ticks
End of Test.
kernel panic at kern/trap/trap.c:18:
    EOT: kernel seems ok.
stack trackback:
c0118ee0 c01009db c01064c8 c0118f24 00000012 c0118f5c
    kern/debug/kdebug.c:309: print_stackframe+21
c0118f10 c0100d67 c010656e 00000012 c0106558 00000003
    kern/debug/panic.c:27: __panic+103
c0118f30 c010197e c0118f68 c010034f c01002fe c0118f5c
    kern/trap/trap.c:0: print_ticks+65
c0118f60 c0101e33 c0118f8c c0100374 c01064f8 c0118fa4
    kern/trap/trap.c:169: trap_dispatch+141
c0118f80 c0101eef c0118f8c 0000807c 00010094 c0118ff8
    kern/trap/trap.c:206: trap+16
c0118ff8 c0101f0a c0106394 c010639c c0100c7a c01063bb
    kern/trap/trapentry.S:24: <unknown>+0
Welcome to the kernel debug monitor!!
Type 'help' for a list of commands.
K> 